[debug] [2018-01-16T18:37:37.788Z] ----------------------------------------------------------------------
[debug] [2018-01-16T18:37:37.791Z] Command:       /usr/local/Cellar/node/8.5.0/bin/node /usr/local/bin/firebase deploy --debug
[debug] [2018-01-16T18:37:37.791Z] CLI Version:   3.16.0
[debug] [2018-01-16T18:37:37.795Z] Platform:      darwin
[debug] [2018-01-16T18:37:37.795Z] Node Version:  v8.5.0
[debug] [2018-01-16T18:37:37.796Z] Time:          Tue Jan 16 2018 18:37:37 GMT+0000 (GMT)
[debug] [2018-01-16T18:37:37.796Z] ----------------------------------------------------------------------
[debug] 
[debug] [2018-01-16T18:37:37.804Z] > command requires scopes: ["email","openid","https://www.googleapis.com/auth/cloudplatformprojects.readonly","https://www.googleapis.com/auth/firebase","https://www.googleapis.com/auth/cloud-platform"]
[debug] [2018-01-16T18:37:37.804Z] > authorizing via signed-in user
[debug] [2018-01-16T18:37:37.806Z] > refreshing access token with scopes: ["email","https://www.googleapis.com/auth/cloud-platform","https://www.googleapis.com/auth/cloudplatformprojects.readonly","https://www.googleapis.com/auth/firebase","openid"]
[debug] [2018-01-16T18:37:37.806Z] >>> HTTP REQUEST POST https://www.googleapis.com/oauth2/v3/token  
 { refresh_token: '1/uNeQWAi0spgwkNBHLQ3VsvEL9pRcA8cnrFoU1mX0xik',
  client_id: '563584335869-fgrhgmd47bqnekij5i8b5pr03ho849e6.apps.googleusercontent.com',
  client_secret: 'j9iVZfS8kkCEFUPaAeJV0sAi',
  grant_type: 'refresh_token',
  scope: 'email https://www.googleapis.com/auth/cloud-platform https://www.googleapis.com/auth/cloudplatformprojects.readonly https://www.googleapis.com/auth/firebase openid' } 
 Tue Jan 16 2018 18:37:37 GMT+0000 (GMT)
[debug] [2018-01-16T18:37:38.464Z] <<< HTTP RESPONSE 200
[debug] [2018-01-16T18:37:38.483Z] >>> HTTP REQUEST GET https://admin.firebase.com/v1/projects/donals-blog  
  
 Tue Jan 16 2018 18:37:38 GMT+0000 (GMT)
[debug] [2018-01-16T18:37:41.018Z] <<< HTTP RESPONSE 200
[debug] [2018-01-16T18:37:41.018Z] >>> HTTP REQUEST GET https://admin.firebase.com/v1/database/donals-blog/tokens  
  
 Tue Jan 16 2018 18:37:41 GMT+0000 (GMT)
[debug] [2018-01-16T18:37:42.003Z] <<< HTTP RESPONSE 200
[info] 
[info] === Deploying to 'donals-blog'...
[info] 
[info] i  deploying hosting
[info] i  hosting: preparing _site directory for upload...
[debug] [2018-01-16T18:37:43.497Z] >>> HTTP REQUEST PUT https://deploy.firebase.com/v1/hosting/donals-blog/uploads/-L3-Fny9A8HudGX6uE2i?fileCount=45&message=  
  
 Tue Jan 16 2018 18:37:43 GMT+0000 (GMT)
[debug] [2018-01-16T18:41:52.180Z] <<< HTTP RESPONSE 200
[debug] [2018-01-16T18:41:52.181Z] [hosting] .tgz uploaded successfully, waiting for extraction
[info] ✔  hosting: 45 files uploaded successfully
[debug] [2018-01-16T18:41:52.862Z] >>> HTTP REQUEST POST https://deploy.firebase.com/v1/projects/donals-blog/releases  
 { hosting: 
   { public: '_site',
     ignore: [ 'firebase.json', '**/.*', '**/node_modules/**' ],
     version: '-L3-Fny9A8HudGX6uE2i',
     prefix: '-L3-Fny9A8HudGX6uE2i/',
     manifest: [] } } 
 Tue Jan 16 2018 18:41:52 GMT+0000 (GMT)
[debug] [2018-01-16T18:41:53.906Z] <<< HTTP RESPONSE 200
[info] 
[info] ✔  Deploy complete!
[info] 
[info] Project Console: https://console.firebase.google.com/project/donals-blog/overview
[info] Hosting URL: https://donals-blog.firebaseapp.com
[debug] [2018-01-16T18:43:34.137Z] ----------------------------------------------------------------------
[debug] [2018-01-16T18:43:34.140Z] Command:       /usr/local/Cellar/node/8.5.0/bin/node /usr/local/bin/firebase deploy --debug
[debug] [2018-01-16T18:43:34.140Z] CLI Version:   3.16.0
[debug] [2018-01-16T18:43:34.140Z] Platform:      darwin
[debug] [2018-01-16T18:43:34.140Z] Node Version:  v8.5.0
[debug] [2018-01-16T18:43:34.141Z] Time:          Tue Jan 16 2018 18:43:34 GMT+0000 (GMT)
[debug] [2018-01-16T18:43:34.141Z] ----------------------------------------------------------------------
[debug] 
[debug] [2018-01-16T18:43:34.151Z] > command requires scopes: ["email","openid","https://www.googleapis.com/auth/cloudplatformprojects.readonly","https://www.googleapis.com/auth/firebase","https://www.googleapis.com/auth/cloud-platform"]
[debug] [2018-01-16T18:43:34.151Z] > authorizing via signed-in user
[debug] [2018-01-16T18:43:34.154Z] >>> HTTP REQUEST GET https://admin.firebase.com/v1/projects/donals-blog  
  
 Tue Jan 16 2018 18:43:34 GMT+0000 (GMT)
[debug] [2018-01-16T18:43:35.287Z] <<< HTTP RESPONSE 200
[debug] [2018-01-16T18:43:35.288Z] >>> HTTP REQUEST GET https://admin.firebase.com/v1/database/donals-blog/tokens  
  
 Tue Jan 16 2018 18:43:35 GMT+0000 (GMT)
[debug] [2018-01-16T18:43:36.092Z] <<< HTTP RESPONSE 200
[info] 
[info] === Deploying to 'donals-blog'...
[info] 
[info] i  deploying hosting
[info] i  hosting: preparing _site directory for upload...
[debug] [2018-01-16T18:43:37.738Z] >>> HTTP REQUEST PUT https://deploy.firebase.com/v1/hosting/donals-blog/uploads/-L3-H9RelAzRF6TbDLTO?fileCount=45&message=  
  
 Tue Jan 16 2018 18:43:37 GMT+0000 (GMT)
[debug] [2018-01-16T18:44:53.223Z] <<< HTTP RESPONSE 200
[debug] [2018-01-16T18:44:53.224Z] [hosting] .tgz uploaded successfully, waiting for extraction
[info] ✔  hosting: 45 files uploaded successfully
[debug] [2018-01-16T18:44:55.580Z] >>> HTTP REQUEST POST https://deploy.firebase.com/v1/projects/donals-blog/releases  
 { hosting: 
   { public: '_site',
     ignore: [ 'firebase.json', '**/.*', '**/node_modules/**' ],
     version: '-L3-H9RelAzRF6TbDLTO',
     prefix: '-L3-H9RelAzRF6TbDLTO/',
     manifest: [] } } 
 Tue Jan 16 2018 18:44:55 GMT+0000 (GMT)
[debug] [2018-01-16T18:44:56.614Z] <<< HTTP RESPONSE 200
[info] 
[info] ✔  Deploy complete!
[info] 
[info] Project Console: https://console.firebase.google.com/project/donals-blog/overview
[info] Hosting URL: https://donals-blog.firebaseapp.com
[debug] [2018-01-16T18:52:37.110Z] ----------------------------------------------------------------------
[debug] [2018-01-16T18:52:37.113Z] Command:       /usr/local/Cellar/node/8.5.0/bin/node /usr/local/bin/firebase deploy --debug
[debug] [2018-01-16T18:52:37.114Z] CLI Version:   3.16.0
[debug] [2018-01-16T18:52:37.114Z] Platform:      darwin
[debug] [2018-01-16T18:52:37.114Z] Node Version:  v8.5.0
[debug] [2018-01-16T18:52:37.115Z] Time:          Tue Jan 16 2018 18:52:37 GMT+0000 (GMT)
[debug] [2018-01-16T18:52:37.115Z] ----------------------------------------------------------------------
[debug] 
[debug] [2018-01-16T18:52:37.126Z] > command requires scopes: ["email","openid","https://www.googleapis.com/auth/cloudplatformprojects.readonly","https://www.googleapis.com/auth/firebase","https://www.googleapis.com/auth/cloud-platform"]
[debug] [2018-01-16T18:52:37.126Z] > authorizing via signed-in user
[debug] [2018-01-16T18:52:37.128Z] >>> HTTP REQUEST GET https://admin.firebase.com/v1/projects/donals-blog  
  
 Tue Jan 16 2018 18:52:37 GMT+0000 (GMT)
[debug] [2018-01-16T18:52:38.224Z] <<< HTTP RESPONSE 200
[debug] [2018-01-16T18:52:38.225Z] >>> HTTP REQUEST GET https://admin.firebase.com/v1/database/donals-blog/tokens  
  
 Tue Jan 16 2018 18:52:38 GMT+0000 (GMT)
[debug] [2018-01-16T18:52:39.210Z] <<< HTTP RESPONSE 200
[info] 
[info] === Deploying to 'donals-blog'...
[info] 
[info] i  deploying hosting
[info] i  hosting: preparing _site directory for upload...
[debug] [2018-01-16T18:52:40.836Z] >>> HTTP REQUEST PUT https://deploy.firebase.com/v1/hosting/donals-blog/uploads/-L3-JE2-Y_Bq9mvUuh5f?fileCount=48&message=  
  
 Tue Jan 16 2018 18:52:40 GMT+0000 (GMT)
[debug] [2018-01-16T18:53:00.321Z] <<< HTTP RESPONSE 200
[debug] [2018-01-16T18:53:00.322Z] [hosting] .tgz uploaded successfully, waiting for extraction
[info] ✔  hosting: 48 files uploaded successfully
[debug] [2018-01-16T18:55:18.097Z] >>> HTTP REQUEST POST https://deploy.firebase.com/v1/projects/donals-blog/releases  
 { hosting: 
   { public: '_site',
     ignore: [ 'firebase.json', '**/.*', '**/node_modules/**' ],
     version: '-L3-JE2-Y_Bq9mvUuh5f',
     prefix: '-L3-JE2-Y_Bq9mvUuh5f/',
     manifest: [] } } 
 Tue Jan 16 2018 18:55:18 GMT+0000 (GMT)
[debug] [2018-01-16T18:55:19.637Z] <<< HTTP RESPONSE 200
[info] 
[info] ✔  Deploy complete!
[info] 
[info] Project Console: https://console.firebase.google.com/project/donals-blog/overview
[info] Hosting URL: https://donals-blog.firebaseapp.com
